<?xml version="1.0" encoding="UTF-8"?>
<testsuite xmlns:xsi="http://www.w3.org/2001/XMLSchema-instance" xsi:noNamespaceSchemaLocation="https://maven.apache.org/surefire/maven-surefire-plugin/xsd/surefire-test-report.xsd" name="com.weddingshop.CukeTest" time="180.463" tests="107" errors="0" skipped="0" failures="0">
  <properties>
[...]
</properties>
  <testcase name="Given I am on home page" classname="| &lt;£20 |" time="0.004"/>
  <testcase name="And I click on Products" classname="| &lt;£20 |" time="0"/>
  <testcase name="And i click on Search" classname="| &lt;£20 |" time="0"/>
  <testcase name="And I send text in search bar &quot;Candles&quot;" classname="| &lt;£20 |" time="0.001"/>
  <testcase name="When I select candle &amp; Diffusers" classname="| &lt;£20 |" time="0"/>
  <testcase name="And I want candles in the &quot;&lt;£20&quot; price range" classname="| &lt;£20 |" time="0"/>
  <testcase name="Then I should see candles as per filter price" classname="| &lt;£20 |" time="0"/>
  <testcase name="| &lt;£20 |" classname="| &lt;£20 |" time="0.256"/>
  <testcase name="Given I am on home page" classname="| £20-£39 |" time="0.001"/>
  <testcase name="And I click on Products" classname="| £20-£39 |" time="0.001"/>
  <testcase name="And i click on Search" classname="| £20-£39 |" time="0"/>
  <testcase name="And I send text in search bar &quot;Candles&quot;" classname="| £20-£39 |" time="0"/>
  <testcase name="When I select candle &amp; Diffusers" classname="| £20-£39 |" time="0"/>
  <testcase name="And I want candles in the &quot;£20-£39&quot; price range" classname="| £20-£39 |" time="0"/>
  <testcase name="Then I should see candles as per filter price" classname="| £20-£39 |" time="0"/>
  <testcase name="| £20-£39 |" classname="| £20-£39 |" time="0.222"/>
  <testcase name="Given I am on home page" classname="| £40-£49 |" time="0"/>
  <testcase name="And I click on Products" classname="| £40-£49 |" time="0"/>
  <testcase name="And i click on Search" classname="| £40-£49 |" time="0"/>
  <testcase name="And I send text in search bar &quot;Candles&quot;" classname="| £40-£49 |" time="0"/>
  <testcase name="When I select candle &amp; Diffusers" classname="| £40-£49 |" time="0"/>
  <testcase name="And I want candles in the &quot;£40-£49&quot; price range" classname="| £40-£49 |" time="0"/>
  <testcase name="Then I should see candles as per filter price" classname="| £40-£49 |" time="0"/>
  <testcase name="| £40-£49 |" classname="| £40-£49 |" time="0.271"/>
  <testcase name="Given I am on home page" classname="| £50-£74 |" time="0.001"/>
  <testcase name="And I click on Products" classname="| £50-£74 |" time="0"/>
  <testcase name="And i click on Search" classname="| £50-£74 |" time="0"/>
  <testcase name="And I send text in search bar &quot;Candles&quot;" classname="| £50-£74 |" time="0"/>
  <testcase name="When I select candle &amp; Diffusers" classname="| £50-£74 |" time="0"/>
  <testcase name="And I want candles in the &quot;£50-£74&quot; price range" classname="| £50-£74 |" time="0"/>
  <testcase name="Then I should see candles as per filter price" classname="| £50-£74 |" time="0"/>
  <testcase name="| £50-£74 |" classname="| £50-£74 |" time="0.21"/>
  <testcase name="Given I am on home page" classname="| £75-149 |" time="0"/>
  <testcase name="And I click on Products" classname="| £75-149 |" time="0"/>
  <testcase name="And i click on Search" classname="| £75-149 |" time="0"/>
  <testcase name="And I send text in search bar &quot;Candles&quot;" classname="| £75-149 |" time="0"/>
  <testcase name="When I select candle &amp; Diffusers" classname="| £75-149 |" time="0"/>
  <testcase name="And I want candles in the &quot;£75-149&quot; price range" classname="| £75-149 |" time="0"/>
  <testcase name="Then I should see candles as per filter price" classname="| £75-149 |" time="0"/>
  <testcase name="| £75-149 |" classname="| £75-149 |" time="0.202"/>
  <testcase name="Given I am on home page" classname="| £150+ |" time="0"/>
  <testcase name="And I click on Products" classname="| £150+ |" time="0"/>
  <testcase name="And i click on Search" classname="| £150+ |" time="0"/>
  <testcase name="And I send text in search bar &quot;Candles&quot;" classname="| £150+ |" time="0"/>
  <testcase name="When I select candle &amp; Diffusers" classname="| £150+ |" time="0"/>
  <testcase name="And I want candles in the &quot;£150+&quot; price range" classname="| £150+ |" time="0.001"/>
  <testcase name="Then I should see candles as per filter price" classname="| £150+ |" time="0"/>
  <testcase name="| £150+ |" classname="| £150+ |" time="0.204"/>
  <testcase name="Given I am on home page" classname="| Brands |" time="0"/>
  <testcase name="When I click On &quot;Brands&quot;" classname="| Brands |" time="0"/>
  <testcase name="Then I can successfully navigate HomePage" classname="| Brands |" time="0"/>
  <testcase name="| Brands |" classname="| Brands |" time="0.185"/>
  <testcase name="Given I am on home page" classname="| Products |" time="0"/>
  <testcase name="When I click On &quot;Products&quot;" classname="| Products |" time="0"/>
  <testcase name="Then I can successfully navigate HomePage" classname="| Products |" time="0"/>
  <testcase name="| Products |" classname="| Products |" time="0.241"/>
  <testcase name="Given I am on home page" classname="| Funds |" time="0"/>
  <testcase name="When I click On &quot;Funds&quot;" classname="| Funds |" time="0"/>
  <testcase name="Then I can successfully navigate HomePage" classname="| Funds |" time="0"/>
  <testcase name="| Funds |" classname="| Funds |" time="0.178"/>
  <testcase name="Given I am on home page" classname="| Travel &amp; Experience |" time="0.001"/>
  <testcase name="When I click On &quot;Travel &amp; Experience&quot;" classname="| Travel &amp; Experience |" time="0"/>
  <testcase name="Then I can successfully navigate HomePage" classname="| Travel &amp; Experience |" time="0"/>
  <testcase name="| Travel &amp; Experience |" classname="| Travel &amp; Experience |" time="0.208"/>
  <testcase name="Given I am on home page" classname="| Showrooms |" time="0.001"/>
  <testcase name="When I click On &quot;Showrooms&quot;" classname="| Showrooms |" time="0"/>
  <testcase name="Then I can successfully navigate HomePage" classname="| Showrooms |" time="0"/>
  <testcase name="| Showrooms |" classname="| Showrooms |" time="0.226"/>
  <testcase name="Given I am on home page" classname="| Inspiration |" time="0"/>
  <testcase name="When I click On &quot;Inspiration&quot;" classname="| Inspiration |" time="0"/>
  <testcase name="Then I can successfully navigate HomePage" classname="| Inspiration |" time="0"/>
  <testcase name="| Inspiration |" classname="| Inspiration |" time="0.274"/>
  <testcase name="Given I am on home page" classname="| About |" time="0"/>
  <testcase name="When I click On &quot;About&quot;" classname="| About |" time="0"/>
  <testcase name="Then I can successfully navigate HomePage" classname="| About |" time="0"/>
  <testcase name="| About |" classname="| About |" time="0.207"/>
  <testcase name="Given I am on Home Page" classname="Scenario: As a customer I can Navigate to registration page" time="0"/>
  <testcase name="When I click on Create a List tab" classname="Scenario: As a customer I can Navigate to registration page" time="0"/>
  <testcase name="And I enter Title &quot;Ms&quot;" classname="Scenario: As a customer I can Navigate to registration page" time="0"/>
  <testcase name="And I enter First Name &quot;Trupti&quot;" classname="Scenario: As a customer I can Navigate to registration page" time="0"/>
  <testcase name="And I enter Last Name &quot;Patel&quot;" classname="Scenario: As a customer I can Navigate to registration page" time="0"/>
  <testcase name="And I click on referral" classname="Scenario: As a customer I can Navigate to registration page" time="0.001"/>
  <testcase name="And I select &quot;Google or Other Search&quot;" classname="Scenario: As a customer I can Navigate to registration page" time="0"/>
  <testcase name="And I enter Partner Title &quot;Mr&quot;" classname="Scenario: As a customer I can Navigate to registration page" time="0"/>
  <testcase name="And I enter Partner First Name &quot;Jagdish&quot;" classname="Scenario: As a customer I can Navigate to registration page" time="0"/>
  <testcase name="And I enter Partner Last Name &quot;Patel&quot;" classname="Scenario: As a customer I can Navigate to registration page" time="0"/>
  <testcase name="And I select country name &quot;United Kingdom&quot;" classname="Scenario: As a customer I can Navigate to registration page" time="0"/>
  <testcase name="And I enter Postcode &quot;HA1 1RY&quot;" classname="Scenario: As a customer I can Navigate to registration page" time="0"/>
  <testcase name="And I click on my Address" classname="Scenario: As a customer I can Navigate to registration page" time="0"/>
  <testcase name="And I enter Contact Number&quot;07727629390&quot;" classname="Scenario: As a customer I can Navigate to registration page" time="0"/>
  <testcase name="And I click on date field" classname="Scenario: As a customer I can Navigate to registration page" time="0"/>
  <testcase name="And I click on Forward Button" classname="Scenario: As a customer I can Navigate to registration page" time="0"/>
  <testcase name="And I click on date" classname="Scenario: As a customer I can Navigate to registration page" time="0"/>
  <testcase name="And I enter number of Guests &quot;50&quot;" classname="Scenario: As a customer I can Navigate to registration page" time="0"/>
  <testcase name="And I enter email &quot;tp&quot;" classname="Scenario: As a customer I can Navigate to registration page" time="0"/>
  <testcase name="And I enter password &quot;wedding1234&quot;" classname="Scenario: As a customer I can Navigate to registration page" time="0"/>
  <testcase name="And I enter confirm password &quot;wedding1234&quot;" classname="Scenario: As a customer I can Navigate to registration page" time="0"/>
  <testcase name="And I click on submit button" classname="Scenario: As a customer I can Navigate to registration page" time="0"/>
  <testcase name="Then I can Succesfully Register" classname="Scenario: As a customer I can Navigate to registration page" time="0"/>
  <testcase name="Scenario: As a customer I can Navigate to registration page" classname="Scenario: As a customer I can Navigate to registration page" time="0.178"/>
  <testcase name="Given I am at Homepage" classname="Scenario: As a customer I can Navigate to LogIn page" time="0"/>
  <testcase name="When I click On Login Bar" classname="Scenario: As a customer I can Navigate to LogIn page" time="0"/>
  <testcase name="And I enter Email Address &quot;tp&quot;" classname="Scenario: As a customer I can Navigate to LogIn page" time="0"/>
  <testcase name="And I enter password to login &quot;wedding1234&quot;" classname="Scenario: As a customer I can Navigate to LogIn page" time="0"/>
  <testcase name="And I click on submit Button" classname="Scenario: As a customer I can Navigate to LogIn page" time="0"/>
  <testcase name="Then I can successfully Login" classname="Scenario: As a customer I can Navigate to LogIn page" time="0.001"/>
  <testcase name="Scenario: As a customer I can Navigate to LogIn page" classname="Scenario: As a customer I can Navigate to LogIn page" time="0.183"/>
</testsuite>